1686720145.176341 client started (35929): version 3.2a, socket /tmp/tmux-1000/default, protocol 8
1686720145.176363 on Linux 5.19.0-43-generic #44~22.04.1-Ubuntu SMP PREEMPT_DYNAMIC Mon May 22 13:39:36 UTC 2
1686720145.176369 using libevent 2.1.12-stable (poll); ncurses 6.3
1686720145.176378 flags are 0x10010000
1686720145.176380 socket is /tmp/tmux-1000/default
1686720145.176386 trying connect
1686720145.176408 add peer 0x55bec0a878f0: 6 ((nil))
1686720145.176508 sending message 100 to peer 0x55bec0a878f0 (4 bytes)
1686720145.176512 sending message 111 to peer 0x55bec0a878f0 (8 bytes)
1686720145.176514 sending message 101 to peer 0x55bec0a878f0 (16 bytes)
1686720145.176516 sending message 109 to peer 0x55bec0a878f0 (4 bytes)
1686720145.176518 sending message 102 to peer 0x55bec0a878f0 (11 bytes)
1686720145.176520 sending message 108 to peer 0x55bec0a878f0 (23 bytes)
1686720145.176522 sending message 112 to peer 0x55bec0a878f0 (70 bytes)
1686720145.176523 sending message 112 to peer 0x55bec0a878f0 (5 bytes)
1686720145.176525 sending message 112 to peer 0x55bec0a878f0 (5 bytes)
1686720145.176527 sending message 112 to peer 0x55bec0a878f0 (6 bytes)
1686720145.176529 sending message 112 to peer 0x55bec0a878f0 (6 bytes)
1686720145.176530 sending message 112 to peer 0x55bec0a878f0 (11 bytes)
1686720145.176532 sending message 112 to peer 0x55bec0a878f0 (10 bytes)
1686720145.176534 sending message 112 to peer 0x55bec0a878f0 (13 bytes)
1686720145.176536 sending message 112 to peer 0x55bec0a878f0 (13 bytes)
1686720145.176537 sending message 112 to peer 0x55bec0a878f0 (18 bytes)
1686720145.176539 sending message 112 to peer 0x55bec0a878f0 (11 bytes)
1686720145.176541 sending message 112 to peer 0x55bec0a878f0 (21 bytes)
1686720145.176542 sending message 112 to peer 0x55bec0a878f0 (13 bytes)
1686720145.176544 sending message 112 to peer 0x55bec0a878f0 (7 bytes)
1686720145.176546 sending message 112 to peer 0x55bec0a878f0 (13 bytes)
1686720145.176548 sending message 112 to peer 0x55bec0a878f0 (7 bytes)
1686720145.176550 sending message 112 to peer 0x55bec0a878f0 (13 bytes)
1686720145.176551 sending message 112 to peer 0x55bec0a878f0 (9 bytes)
1686720145.176553 sending message 112 to peer 0x55bec0a878f0 (21 bytes)
1686720145.176555 sending message 112 to peer 0x55bec0a878f0 (13 bytes)
1686720145.176557 sending message 112 to peer 0x55bec0a878f0 (8 bytes)
1686720145.176558 sending message 112 to peer 0x55bec0a878f0 (12 bytes)
1686720145.176560 sending message 112 to peer 0x55bec0a878f0 (13 bytes)
1686720145.176562 sending message 112 to peer 0x55bec0a878f0 (9 bytes)
1686720145.176563 sending message 112 to peer 0x55bec0a878f0 (9 bytes)
1686720145.176565 sending message 112 to peer 0x55bec0a878f0 (12 bytes)
1686720145.176567 sending message 112 to peer 0x55bec0a878f0 (8 bytes)
1686720145.176569 sending message 112 to peer 0x55bec0a878f0 (7 bytes)
1686720145.176570 sending message 112 to peer 0x55bec0a878f0 (7 bytes)
1686720145.176572 sending message 112 to peer 0x55bec0a878f0 (9 bytes)
1686720145.176574 sending message 112 to peer 0x55bec0a878f0 (13 bytes)
1686720145.176575 sending message 112 to peer 0x55bec0a878f0 (9 bytes)
1686720145.176577 sending message 112 to peer 0x55bec0a878f0 (15 bytes)
1686720145.176579 sending message 112 to peer 0x55bec0a878f0 (13 bytes)
1686720145.176581 sending message 112 to peer 0x55bec0a878f0 (12 bytes)
1686720145.176582 sending message 112 to peer 0x55bec0a878f0 (8 bytes)
1686720145.176584 sending message 112 to peer 0x55bec0a878f0 (14 bytes)
1686720145.176586 sending message 112 to peer 0x55bec0a878f0 (9 bytes)
1686720145.176587 sending message 112 to peer 0x55bec0a878f0 (10 bytes)
1686720145.176589 sending message 112 to peer 0x55bec0a878f0 (10 bytes)
1686720145.176591 sending message 112 to peer 0x55bec0a878f0 (10 bytes)
1686720145.176593 sending message 112 to peer 0x55bec0a878f0 (10 bytes)
1686720145.176594 sending message 112 to peer 0x55bec0a878f0 (11 bytes)
1686720145.176596 sending message 112 to peer 0x55bec0a878f0 (10 bytes)
1686720145.176598 sending message 112 to peer 0x55bec0a878f0 (8 bytes)
1686720145.176603 sending message 112 to peer 0x55bec0a878f0 (11 bytes)
1686720145.176605 sending message 112 to peer 0x55bec0a878f0 (11 bytes)
1686720145.176606 sending message 112 to peer 0x55bec0a878f0 (11 bytes)
1686720145.176608 sending message 112 to peer 0x55bec0a878f0 (8 bytes)
1686720145.176610 sending message 112 to peer 0x55bec0a878f0 (8 bytes)
1686720145.176611 sending message 112 to peer 0x55bec0a878f0 (8 bytes)
1686720145.176613 sending message 112 to peer 0x55bec0a878f0 (10 bytes)
1686720145.176615 sending message 112 to peer 0x55bec0a878f0 (10 bytes)
1686720145.176617 sending message 112 to peer 0x55bec0a878f0 (10 bytes)
1686720145.176618 sending message 112 to peer 0x55bec0a878f0 (10 bytes)
1686720145.176620 sending message 112 to peer 0x55bec0a878f0 (10 bytes)
1686720145.176622 sending message 112 to peer 0x55bec0a878f0 (11 bytes)
1686720145.176623 sending message 112 to peer 0x55bec0a878f0 (11 bytes)
1686720145.176625 sending message 112 to peer 0x55bec0a878f0 (10 bytes)
1686720145.176627 sending message 112 to peer 0x55bec0a878f0 (9 bytes)
1686720145.176629 sending message 112 to peer 0x55bec0a878f0 (9 bytes)
1686720145.176630 sending message 112 to peer 0x55bec0a878f0 (12 bytes)
1686720145.176632 sending message 112 to peer 0x55bec0a878f0 (9 bytes)
1686720145.176634 sending message 112 to peer 0x55bec0a878f0 (6 bytes)
1686720145.176636 sending message 112 to peer 0x55bec0a878f0 (13 bytes)
1686720145.176637 sending message 112 to peer 0x55bec0a878f0 (8 bytes)
1686720145.176639 sending message 112 to peer 0x55bec0a878f0 (15 bytes)
1686720145.176641 sending message 112 to peer 0x55bec0a878f0 (13 bytes)
1686720145.176643 sending message 112 to peer 0x55bec0a878f0 (70 bytes)
1686720145.176644 sending message 112 to peer 0x55bec0a878f0 (69 bytes)
1686720145.176646 sending message 112 to peer 0x55bec0a878f0 (10 bytes)
1686720145.176648 sending message 112 to peer 0x55bec0a878f0 (8 bytes)
1686720145.176650 sending message 112 to peer 0x55bec0a878f0 (15 bytes)
1686720145.176651 sending message 112 to peer 0x55bec0a878f0 (13 bytes)
1686720145.176653 sending message 112 to peer 0x55bec0a878f0 (10 bytes)
1686720145.176655 sending message 112 to peer 0x55bec0a878f0 (10 bytes)
1686720145.176656 sending message 112 to peer 0x55bec0a878f0 (5 bytes)
1686720145.176658 sending message 112 to peer 0x55bec0a878f0 (15 bytes)
1686720145.176660 sending message 104 to peer 0x55bec0a878f0 (0 bytes)
1686720145.176662 sending message 110 to peer 0x55bec0a878f0 (0 bytes)
1686720145.176664 sending message 107 to peer 0x55bec0a878f0 (4 bytes)
1686720145.176666 sending message 105 to peer 0x55bec0a878f0 (20 bytes)
1686720145.176668 sending message 105 to peer 0x55bec0a878f0 (54 bytes)
1686720145.176669 sending message 105 to peer 0x55bec0a878f0 (23 bytes)
1686720145.176671 sending message 105 to peer 0x55bec0a878f0 (11 bytes)
1686720145.176673 sending message 105 to peer 0x55bec0a878f0 (18 bytes)
1686720145.176675 sending message 105 to peer 0x55bec0a878f0 (44 bytes)
1686720145.176677 sending message 105 to peer 0x55bec0a878f0 (32 bytes)
1686720145.176678 sending message 105 to peer 0x55bec0a878f0 (86 bytes)
1686720145.176680 sending message 105 to peer 0x55bec0a878f0 (29 bytes)
1686720145.176682 sending message 105 to peer 0x55bec0a878f0 (52 bytes)
1686720145.176684 sending message 105 to peer 0x55bec0a878f0 (19 bytes)
1686720145.176685 sending message 105 to peer 0x55bec0a878f0 (28 bytes)
1686720145.176687 sending message 105 to peer 0x55bec0a878f0 (15 bytes)
1686720145.176689 sending message 105 to peer 0x55bec0a878f0 (17 bytes)
1686720145.176691 sending message 105 to peer 0x55bec0a878f0 (19 bytes)
1686720145.176693 sending message 105 to peer 0x55bec0a878f0 (12 bytes)
1686720145.176694 sending message 105 to peer 0x55bec0a878f0 (30 bytes)
1686720145.176696 sending message 105 to peer 0x55bec0a878f0 (288 bytes)
1686720145.176698 sending message 105 to peer 0x55bec0a878f0 (27 bytes)
1686720145.176700 sending message 105 to peer 0x55bec0a878f0 (19 bytes)
1686720145.176702 sending message 105 to peer 0x55bec0a878f0 (18 bytes)
1686720145.176705 sending message 105 to peer 0x55bec0a878f0 (92 bytes)
1686720145.176707 sending message 105 to peer 0x55bec0a878f0 (19 bytes)
1686720145.176709 sending message 105 to peer 0x55bec0a878f0 (8 bytes)
1686720145.176710 sending message 105 to peer 0x55bec0a878f0 (33 bytes)
1686720145.176712 sending message 105 to peer 0x55bec0a878f0 (41 bytes)
1686720145.176719 sending message 105 to peer 0x55bec0a878f0 (22 bytes)
1686720145.176722 sending message 105 to peer 0x55bec0a878f0 (21 bytes)
1686720145.176723 sending message 105 to peer 0x55bec0a878f0 (18 bytes)
1686720145.176725 sending message 105 to peer 0x55bec0a878f0 (26 bytes)
1686720145.176727 sending message 105 to peer 0x55bec0a878f0 (35 bytes)
1686720145.176729 sending message 105 to peer 0x55bec0a878f0 (14 bytes)
1686720145.176731 sending message 105 to peer 0x55bec0a878f0 (50 bytes)
1686720145.176732 sending message 105 to peer 0x55bec0a878f0 (9 bytes)
1686720145.176734 sending message 105 to peer 0x55bec0a878f0 (13 bytes)
1686720145.176736 sending message 105 to peer 0x55bec0a878f0 (17 bytes)
1686720145.176738 sending message 105 to peer 0x55bec0a878f0 (13 bytes)
1686720145.176740 sending message 105 to peer 0x55bec0a878f0 (41 bytes)
1686720145.176741 sending message 105 to peer 0x55bec0a878f0 (45 bytes)
1686720145.176743 sending message 105 to peer 0x55bec0a878f0 (33 bytes)
1686720145.176745 sending message 105 to peer 0x55bec0a878f0 (102 bytes)
1686720145.176747 sending message 105 to peer 0x55bec0a878f0 (23 bytes)
1686720145.176749 sending message 105 to peer 0x55bec0a878f0 (31 bytes)
1686720145.176750 sending message 105 to peer 0x55bec0a878f0 (23 bytes)
1686720145.176752 sending message 105 to peer 0x55bec0a878f0 (27 bytes)
1686720145.176754 sending message 105 to peer 0x55bec0a878f0 (21 bytes)
1686720145.176756 sending message 105 to peer 0x55bec0a878f0 (20 bytes)
1686720145.176758 sending message 105 to peer 0x55bec0a878f0 (16 bytes)
1686720145.176759 sending message 105 to peer 0x55bec0a878f0 (17 bytes)
1686720145.176761 sending message 105 to peer 0x55bec0a878f0 (25 bytes)
1686720145.176763 sending message 105 to peer 0x55bec0a878f0 (11 bytes)
1686720145.176765 sending message 105 to peer 0x55bec0a878f0 (8 bytes)
1686720145.176766 sending message 105 to peer 0x55bec0a878f0 (32 bytes)
1686720145.176768 sending message 105 to peer 0x55bec0a878f0 (1519 bytes)
1686720145.176771 sending message 105 to peer 0x55bec0a878f0 (57 bytes)
1686720145.176773 sending message 105 to peer 0x55bec0a878f0 (23 bytes)
1686720145.176774 sending message 105 to peer 0x55bec0a878f0 (16 bytes)
1686720145.176776 sending message 105 to peer 0x55bec0a878f0 (50 bytes)
1686720145.176778 sending message 105 to peer 0x55bec0a878f0 (59 bytes)
1686720145.176780 sending message 105 to peer 0x55bec0a878f0 (27 bytes)
1686720145.176781 sending message 106 to peer 0x55bec0a878f0 (0 bytes)
1686720145.176784 sending message 200 to peer 0x55bec0a878f0 (4 bytes)
1686720145.176786 client loop enter
1686720145.177012 peer 0x55bec0a878f0 message 303
1686720145.177016 open write file 2 -
1686720145.177020 sending message 305 to peer 0x55bec0a878f0 (8 bytes)
1686720145.177024 write check file 2
1686720145.177063 peer 0x55bec0a878f0 message 304
1686720145.177065 write 58 to file 2
1686720145.177068 peer 0x55bec0a878f0 message 203
1686720145.177070 file 2 58 bytes left
1686720145.177076 write check file 2
1686720145.177079 client loop exit
